<?xml version="1.0" encoding="UTF-8"?>
<testsuite xmlns:xsi="http://www.w3.org/2001/XMLSchema-instance" xsi:noNamespaceSchemaLocation="https://maven.apache.org/surefire/maven-surefire-plugin/xsd/surefire-test-report-3.0.xsd" version="3.0" name="com.jmtemplate.test.AcceptanceTest" time="0.012" tests="9" errors="0" skipped="0" failures="0">
  <properties>
[...]
</properties>
  <testcase name="testPartial" classname="com.jmtemplate.test.AcceptanceTest" time="0.002">
    <system-out><![CDATA[Test: partials
To achieve:
<h2>Names</h2>
<strong>theName</strong>
Rendered:
<h2>Names</h2>
<strong>theName</strong>
-------------------

]]></system-out>
  </testcase>
  <testcase name="testInvertedSection" classname="com.jmtemplate.test.AcceptanceTest" time="0.002">
    <system-out><![CDATA[Test: invertedSection
To achieve:
No repoa
No repob
No repoc
Rendered:
No repoa
No repob
No repoc
-------------------

]]></system-out>
  </testcase>
  <testcase name="testVariable" classname="com.jmtemplate.test.AcceptanceTest" time="0.001">
    <system-out><![CDATA[Test: Variable
To achieve:
* Chris
* 
* &lt;b&gt;GitHub&lt;/b&gt;
* <b>GitHub</b>
Rendered: 
* Chris
* 
* &lt;b&gt;GitHub&lt;/b&gt;
* <b>GitHub</b>
-------------------

]]></system-out>
  </testcase>
  <testcase name="testSectionTrue" classname="com.jmtemplate.test.AcceptanceTest" time="0.001">
    <system-out><![CDATA[Test: Section: True
To achieve:
Shown.

  Never shown!

Rendered: 
Shown.

  Never shown!

-------------------

]]></system-out>
  </testcase>
  <testcase name="testComment" classname="com.jmtemplate.test.AcceptanceTest" time="0.001">
    <system-out><![CDATA[Test: comment
To achieve:
<h1>Today.</h1>
Rendered:
<h1>Today.</h1>
-------------------

]]></system-out>
  </testcase>
  <testcase name="testNonEmptyValues" classname="com.jmtemplate.test.AcceptanceTest" time="0.0">
    <system-out><![CDATA[Test: nonEmptyValues
To achieve:

  Hi Jon!

Rendered: 

  Hi Jon!

-------------------

]]></system-out>
  </testcase>
  <testcase name="testNonEmptyList" classname="com.jmtemplate.test.AcceptanceTest" time="0.0">
    <system-out><![CDATA[Test: NonEmptyList
To achieve:

  <b>resque</b>
  <b>hub</b>
  <b>rip</b>
Rendered: 

  <b>resque</b>
  <b>hub</b>
  <b>rip</b>
-------------------

]]></system-out>
  </testcase>
  <testcase name="testLambda" classname="com.jmtemplate.test.AcceptanceTest" time="0.001">
    <system-out><![CDATA[Test: lambdas
To achieve:
Hello, World
Rendered:
Hello, World
-------------------

]]></system-out>
  </testcase>
  <testcase name="testSectionFalse" classname="com.jmtemplate.test.AcceptanceTest" time="0.0">
    <system-out><![CDATA[Test: Section: False
To achieve:
Shown.

Rendered: 
Shown.

-------------------

]]></system-out>
  </testcase>
</testsuite>